<?xml version="1.0" encoding="UTF-8"?>
<!-- Generated by org.testng.reporters.JUnitReportReporter -->
<testsuite hostname="DESKTOP-K6R4424" failures="0" tests="1" name="Example.OpenBrowser" time="44.503" errors="0" timestamp="2024-08-10T18:06:40 IST" skipped="0">
  <testcase classname="Example.OpenBrowser" name="testOpenBrowser" time="44.503"/>
  <system-out/>
</testsuite> <!-- Example.OpenBrowser -->
